C:\Program Files (x86)\Microsoft Visual Studio\2019\Enterprise\MSBuild\Microsoft\VC\v160\Microsoft.CppBuild.targets(476,5): warning MSB8004: Intermediate Directory does not end with a trailing slash.  This build instance will add the slash as it is required to allow proper evaluation of the Intermediate Directory.
C:\Program Files (x86)\Microsoft Visual Studio\2019\Enterprise\MSBuild\Microsoft\VC\v160\Microsoft.CppBuild.targets(477,5): warning MSB8004: Output Directory does not end with a trailing slash.  This build instance will add the slash as it is required to allow proper evaluation of the Output Directory.
  Batch.cpp
  ParticleSystem.cpp
  Sprite.cpp
  Camera.cpp
  Light.cpp
  Mesh.cpp
C:\Users\Bogdan Strohonov\Desktop\OpenGL\OpenGL\OpenGL\Mesh.cpp(14,38): warning C4267: 'initializing': conversion from 'size_t' to 'int', possible loss of data
C:\Users\Bogdan Strohonov\Desktop\OpenGL\OpenGL\OpenGL\Mesh.cpp(302,52): warning C4267: 'argument': conversion from 'size_t' to 'GLsizei', possible loss of data
C:\Users\Bogdan Strohonov\Desktop\OpenGL\OpenGL\OpenGL\Mesh.cpp(306,52): warning C4267: 'argument': conversion from 'size_t' to 'GLsizei', possible loss of data
  Model.cpp
C:\Users\Bogdan Strohonov\Desktop\OpenGL\OpenGL\OpenGL\Model.cpp(153,67): warning C4267: 'argument': conversion from 'size_t' to 'GLsizei', possible loss of data
  main.cpp
C:\Program Files (x86)\Windows Kits\10\Include\10.0.18362.0\shared\minwindef.h(130,1): warning C4005: 'APIENTRY': macro redefinition
C:\Users\Bogdan Strohonov\Desktop\OpenGL\OpenGL\OpenGL\Common\include\GLFW\glfw3.h(123): message : see previous definition of 'APIENTRY'
C:\Users\Bogdan Strohonov\Desktop\OpenGL\OpenGL\OpenGL\main.cpp(549,17): warning C4244: '=': conversion from 'double' to 'float', possible loss of data
  ShaderProgram.cpp
  Texture2D.cpp
     Creating library C:\Users\Bogdan Strohonov\Desktop\OpenGL\OpenGL\\OpenGL\bin\Release-x64\OpenGL\OpenGL.lib and object C:\Users\Bogdan Strohonov\Desktop\OpenGL\OpenGL\\OpenGL\bin\Release-x64\OpenGL\OpenGL.exp
LINK : warning LNK4098: defaultlib 'MSVCRTD' conflicts with use of other libs; use /NODEFAULTLIB:library
  Generating code
  Previous IPDB not found, fall back to full compilation.
  All 1747 functions were compiled because no usable IPDB/IOBJ from previous compilation was found.
  Finished generating code
  OpenGL.vcxproj -> C:\Users\Bogdan Strohonov\Desktop\OpenGL\OpenGL\OpenGL\bin\Release-x64\OpenGL\OpenGL.exe
